<?xml version="1.0" encoding="UTF-8"?>
<!-- Generated by org.testng.reporters.JUnitReportReporter -->
<testsuite name="org.testing.testscripts.TC1" tests="1" time="15.320" ignored="0" failures="0" timestamp="16 Mar 2019 10:08:50 GMT" skipped="0" hostname="DESKTOP-0QCH4M5" errors="0">
  <testcase name="login" time="15.320" classname="org.testing.testscripts.TC1"/>
</testsuite> <!-- org.testing.testscripts.TC1 -->
